CRITICAL - 2026-06-22 11:49:17 --> TypeError: App\Controllers\Checkout::index(): Return value must be of type string, CodeIgniter\HTTP\RedirectResponse returned
[Method: GET, Route: checkout]
in APPPATH/Controllers/Checkout.php on line 36.
 1 SYSTEMPATH/CodeIgniter.php(951): App\Controllers\Checkout->index()
 2 SYSTEMPATH/CodeIgniter.php(497): CodeIgniter\CodeIgniter->runController()
 3 SYSTEMPATH/CodeIgniter.php(340): CodeIgniter\CodeIgniter->handleRequest()
 4 SYSTEMPATH/Boot.php(417): CodeIgniter\CodeIgniter->run()
 5 SYSTEMPATH/Boot.php(68): CodeIgniter\Boot::runCodeIgniter()
 6 FCPATH/index.php(59): CodeIgniter\Boot::bootWeb()
CRITICAL - 2026-06-22 11:59:44 --> ErrorException: include(/home/u504377054/domains/smokey.osob.in/public_html/vendor/composer/../../app/Config/Auth.php): Failed to open stream: No such file or directory
[Method: GET, Route: /]
in VENDORPATH/composer/ClassLoader.php on line 576.
 1 VENDORPATH/composer/ClassLoader.php(576): CodeIgniter\Debug\Exceptions->errorHandler()
 2 VENDORPATH/composer/ClassLoader.php(576): include()
 3 VENDORPATH/composer/ClassLoader.php(427): Composer\Autoload\{closure}()
 4 [internal function]: Composer\Autoload\ClassLoader->loadClass()
 5 SYSTEMPATH/Config/Factories.php(291): class_exists()
 6 SYSTEMPATH/Config/Factories.php(217): CodeIgniter\Config\Factories::locateClass()
 7 SYSTEMPATH/Config/Factories.php(160): CodeIgniter\Config\Factories::getDefinedInstance()
 8 SYSTEMPATH/Config/Factories.php(189): CodeIgniter\Config\Factories::__callStatic()
 9 SYSTEMPATH/Common.php(208): CodeIgniter\Config\Factories::get()
10 VENDORPATH/codeigniter4/shield/src/Config/Services.php(34): config()
11 SYSTEMPATH/Config/BaseService.php(325): CodeIgniter\Shield\Config\Services::auth()
12 SYSTEMPATH/Config/BaseService.php(264): CodeIgniter\Config\BaseService::__callStatic()
13 VENDORPATH/codeigniter4/shield/src/Config/Services.php(30): CodeIgniter\Config\BaseService::getSharedInstance()
14 SYSTEMPATH/Config/BaseService.php(334): CodeIgniter\Shield\Config\Services::auth()
15 SYSTEMPATH/Config/BaseService.php(203): CodeIgniter\Config\BaseService::__callStatic()
16 SYSTEMPATH/Common.php(1078): CodeIgniter\Config\BaseService::get()
17 VENDORPATH/codeigniter4/shield/src/Collectors/Auth.php(60): service()
18 SYSTEMPATH/Debug/Toolbar.php(67): CodeIgniter\Shield\Collectors\Auth->__construct()
19 SYSTEMPATH/Config/Services.php(805): CodeIgniter\Debug\Toolbar->__construct()
20 SYSTEMPATH/Config/BaseService.php(325): CodeIgniter\Config\Services::toolbar()
21 SYSTEMPATH/Config/BaseService.php(264): CodeIgniter\Config\BaseService::__callStatic()
22 SYSTEMPATH/Config/Services.php(800): CodeIgniter\Config\BaseService::getSharedInstance()
23 SYSTEMPATH/Config/BaseService.php(334): CodeIgniter\Config\Services::toolbar()
24 SYSTEMPATH/Config/BaseService.php(203): CodeIgniter\Config\BaseService::__callStatic()
25 SYSTEMPATH/Common.php(1078): CodeIgniter\Config\BaseService::get()
26 SYSTEMPATH/Filters/DebugToolbar.php(44): service()
27 SYSTEMPATH/Filters/Filters.php(278): CodeIgniter\Filters\DebugToolbar->after()
28 SYSTEMPATH/Filters/Filters.php(364): CodeIgniter\Filters\Filters->runAfter()
29 SYSTEMPATH/CodeIgniter.php(393): CodeIgniter\Filters\Filters->runRequired()
30 SYSTEMPATH/CodeIgniter.php(354): CodeIgniter\CodeIgniter->runRequiredAfterFilters()
31 SYSTEMPATH/Boot.php(417): CodeIgniter\CodeIgniter->run()
32 SYSTEMPATH/Boot.php(68): CodeIgniter\Boot::runCodeIgniter()
33 FCPATH/index.php(59): CodeIgniter\Boot::bootWeb()
CRITICAL - 2026-06-22 11:59:49 --> ErrorException: include(/home/u504377054/domains/smokey.osob.in/public_html/vendor/composer/../../app/Config/Auth.php): Failed to open stream: No such file or directory
[Method: GET, Route: /]
in VENDORPATH/composer/ClassLoader.php on line 576.
 1 VENDORPATH/composer/ClassLoader.php(576): CodeIgniter\Debug\Exceptions->errorHandler()
 2 VENDORPATH/composer/ClassLoader.php(576): include()
 3 VENDORPATH/composer/ClassLoader.php(427): Composer\Autoload\{closure}()
 4 [internal function]: Composer\Autoload\ClassLoader->loadClass()
 5 SYSTEMPATH/Config/Factories.php(291): class_exists()
 6 SYSTEMPATH/Config/Factories.php(217): CodeIgniter\Config\Factories::locateClass()
 7 SYSTEMPATH/Config/Factories.php(160): CodeIgniter\Config\Factories::getDefinedInstance()
 8 SYSTEMPATH/Config/Factories.php(189): CodeIgniter\Config\Factories::__callStatic()
 9 SYSTEMPATH/Common.php(208): CodeIgniter\Config\Factories::get()
10 VENDORPATH/codeigniter4/shield/src/Config/Services.php(34): config()
11 SYSTEMPATH/Config/BaseService.php(325): CodeIgniter\Shield\Config\Services::auth()
12 SYSTEMPATH/Config/BaseService.php(264): CodeIgniter\Config\BaseService::__callStatic()
13 VENDORPATH/codeigniter4/shield/src/Config/Services.php(30): CodeIgniter\Config\BaseService::getSharedInstance()
14 SYSTEMPATH/Config/BaseService.php(334): CodeIgniter\Shield\Config\Services::auth()
15 SYSTEMPATH/Config/BaseService.php(203): CodeIgniter\Config\BaseService::__callStatic()
16 SYSTEMPATH/Common.php(1078): CodeIgniter\Config\BaseService::get()
17 VENDORPATH/codeigniter4/shield/src/Collectors/Auth.php(60): service()
18 SYSTEMPATH/Debug/Toolbar.php(67): CodeIgniter\Shield\Collectors\Auth->__construct()
19 SYSTEMPATH/Config/Services.php(805): CodeIgniter\Debug\Toolbar->__construct()
20 SYSTEMPATH/Config/BaseService.php(325): CodeIgniter\Config\Services::toolbar()
21 SYSTEMPATH/Config/BaseService.php(264): CodeIgniter\Config\BaseService::__callStatic()
22 SYSTEMPATH/Config/Services.php(800): CodeIgniter\Config\BaseService::getSharedInstance()
23 SYSTEMPATH/Config/BaseService.php(334): CodeIgniter\Config\Services::toolbar()
24 SYSTEMPATH/Config/BaseService.php(203): CodeIgniter\Config\BaseService::__callStatic()
25 SYSTEMPATH/Common.php(1078): CodeIgniter\Config\BaseService::get()
26 SYSTEMPATH/Filters/DebugToolbar.php(44): service()
27 SYSTEMPATH/Filters/Filters.php(278): CodeIgniter\Filters\DebugToolbar->after()
28 SYSTEMPATH/Filters/Filters.php(364): CodeIgniter\Filters\Filters->runAfter()
29 SYSTEMPATH/CodeIgniter.php(393): CodeIgniter\Filters\Filters->runRequired()
30 SYSTEMPATH/CodeIgniter.php(354): CodeIgniter\CodeIgniter->runRequiredAfterFilters()
31 SYSTEMPATH/Boot.php(417): CodeIgniter\CodeIgniter->run()
32 SYSTEMPATH/Boot.php(68): CodeIgniter\Boot::runCodeIgniter()
33 FCPATH/index.php(59): CodeIgniter\Boot::bootWeb()
CRITICAL - 2026-06-22 11:59:50 --> ErrorException: include(/home/u504377054/domains/smokey.osob.in/public_html/vendor/composer/../../app/Config/Auth.php): Failed to open stream: No such file or directory
[Method: GET, Route: /]
in VENDORPATH/composer/ClassLoader.php on line 576.
 1 VENDORPATH/composer/ClassLoader.php(576): CodeIgniter\Debug\Exceptions->errorHandler()
 2 VENDORPATH/composer/ClassLoader.php(576): include()
 3 VENDORPATH/composer/ClassLoader.php(427): Composer\Autoload\{closure}()
 4 [internal function]: Composer\Autoload\ClassLoader->loadClass()
 5 SYSTEMPATH/Config/Factories.php(291): class_exists()
 6 SYSTEMPATH/Config/Factories.php(217): CodeIgniter\Config\Factories::locateClass()
 7 SYSTEMPATH/Config/Factories.php(160): CodeIgniter\Config\Factories::getDefinedInstance()
 8 SYSTEMPATH/Config/Factories.php(189): CodeIgniter\Config\Factories::__callStatic()
 9 SYSTEMPATH/Common.php(208): CodeIgniter\Config\Factories::get()
10 VENDORPATH/codeigniter4/shield/src/Config/Services.php(34): config()
11 SYSTEMPATH/Config/BaseService.php(325): CodeIgniter\Shield\Config\Services::auth()
12 SYSTEMPATH/Config/BaseService.php(264): CodeIgniter\Config\BaseService::__callStatic()
13 VENDORPATH/codeigniter4/shield/src/Config/Services.php(30): CodeIgniter\Config\BaseService::getSharedInstance()
14 SYSTEMPATH/Config/BaseService.php(334): CodeIgniter\Shield\Config\Services::auth()
15 SYSTEMPATH/Config/BaseService.php(203): CodeIgniter\Config\BaseService::__callStatic()
16 SYSTEMPATH/Common.php(1078): CodeIgniter\Config\BaseService::get()
17 VENDORPATH/codeigniter4/shield/src/Collectors/Auth.php(60): service()
18 SYSTEMPATH/Debug/Toolbar.php(67): CodeIgniter\Shield\Collectors\Auth->__construct()
19 SYSTEMPATH/Config/Services.php(805): CodeIgniter\Debug\Toolbar->__construct()
20 SYSTEMPATH/Config/BaseService.php(325): CodeIgniter\Config\Services::toolbar()
21 SYSTEMPATH/Config/BaseService.php(264): CodeIgniter\Config\BaseService::__callStatic()
22 SYSTEMPATH/Config/Services.php(800): CodeIgniter\Config\BaseService::getSharedInstance()
23 SYSTEMPATH/Config/BaseService.php(334): CodeIgniter\Config\Services::toolbar()
24 SYSTEMPATH/Config/BaseService.php(203): CodeIgniter\Config\BaseService::__callStatic()
25 SYSTEMPATH/Common.php(1078): CodeIgniter\Config\BaseService::get()
26 SYSTEMPATH/Filters/DebugToolbar.php(44): service()
27 SYSTEMPATH/Filters/Filters.php(278): CodeIgniter\Filters\DebugToolbar->after()
28 SYSTEMPATH/Filters/Filters.php(364): CodeIgniter\Filters\Filters->runAfter()
29 SYSTEMPATH/CodeIgniter.php(393): CodeIgniter\Filters\Filters->runRequired()
30 SYSTEMPATH/CodeIgniter.php(354): CodeIgniter\CodeIgniter->runRequiredAfterFilters()
31 SYSTEMPATH/Boot.php(417): CodeIgniter\CodeIgniter->run()
32 SYSTEMPATH/Boot.php(68): CodeIgniter\Boot::runCodeIgniter()
33 FCPATH/index.php(59): CodeIgniter\Boot::bootWeb()
